[INFO ] 2021-07-07 17:51:57.333 ManagerApplication - Registered ManagerAE to CSE
[INFO ] 2021-07-07 17:58:27.636 Handler - [ALL OF TIME] +  Worker 1 = TNS.worker-1-id.29 = 2021-07-07 17:58:22.381
[INFO ] 2021-07-07 17:58:27.639 Handler - [ALL OF TIME] +  Worker 1 = TCD.worker-1-id.29 = 2021-07-07 17:58:22.434
[INFO ] 2021-07-07 17:58:27.643 Handler - [ALL OF TIME] +  Worker 1 = TRD.worker-1-id.29 = 2021-07-07 17:58:24.205
[INFO ] 2021-07-07 17:58:27.645 Handler - [ALL OF TIME] +  Worker 1 = TCE.worker-1-id.29 = 2021-07-07 17:58:24.205
[INFO ] 2021-07-07 17:58:27.647 Handler - [ALL OF TIME] +  Worker 2 = TCE.worker-2-id.29 = 2021-07-07 17:58:24.287
[INFO ] 2021-07-07 17:58:27.650 Handler - [ALL OF TIME] +  Worker 3 = TCE.worker-3-id.29 = 2021-07-07 17:58:24.448
[INFO ] 2021-07-07 17:58:38.789 Handler - [ALL OF TIME] +  Worker 1 = TNS.worker-1-id.0 = 2021-07-07 17:52:35.987
[INFO ] 2021-07-07 17:58:38.791 Handler - [ALL OF TIME] +  Worker 1 = TCD.worker-1-id.0 = 2021-07-07 17:52:36.142
[INFO ] 2021-07-07 17:58:38.792 Handler - [ALL OF TIME] +  Worker 1 = TRD.worker-1-id.0 = 2021-07-07 17:52:40.87
[INFO ] 2021-07-07 17:58:38.795 Handler - [ALL OF TIME] +  Worker 1 = TCE.worker-1-id.0 = 2021-07-07 17:52:40.871
[INFO ] 2021-07-07 17:58:38.796 Handler - [ALL OF TIME] +  Worker 1 = TRE.worker-1-id.0 = 2021-07-07 17:52:45.094
[INFO ] 2021-07-07 17:58:38.798 Handler - [ALL OF TIME] +  Worker 2 = TCE.worker-2-id.0 = 2021-07-07 17:52:40.963
[INFO ] 2021-07-07 17:58:38.800 Handler - [ALL OF TIME] +  Worker 2 = TRE.worker-2-id.0 = 2021-07-07 17:52:51.242
[INFO ] 2021-07-07 17:58:38.801 Handler - [ALL OF TIME] +  Worker 3 = TCE.worker-3-id.0 = 2021-07-07 17:52:41.051
[INFO ] 2021-07-07 17:58:38.803 Handler - [ALL OF TIME] +  Worker 3 = TRE.worker-3-id.0 = 2021-07-07 17:53:01.64
[INFO ] 2021-07-07 17:58:38.805 Handler - [ALL OF TIME] +  Worker 1 = TNS.worker-1-id.1 = 2021-07-07 17:52:46.442
[INFO ] 2021-07-07 17:58:38.806 Handler - [ALL OF TIME] +  Worker 1 = TCD.worker-1-id.1 = 2021-07-07 17:52:46.491
[INFO ] 2021-07-07 17:58:38.807 Handler - [ALL OF TIME] +  Worker 1 = TRD.worker-1-id.1 = 2021-07-07 17:52:50.526
[INFO ] 2021-07-07 17:58:38.809 Handler - [ALL OF TIME] +  Worker 1 = TCE.worker-1-id.1 = 2021-07-07 17:52:50.527
[INFO ] 2021-07-07 17:58:38.810 Handler - [ALL OF TIME] +  Worker 1 = TRE.worker-1-id.1 = 2021-07-07 17:52:59.702
[INFO ] 2021-07-07 17:58:38.812 Handler - [ALL OF TIME] +  Worker 2 = TCE.worker-2-id.1 = 2021-07-07 17:52:50.677
[INFO ] 2021-07-07 17:58:38.814 Handler - [ALL OF TIME] +  Worker 2 = TRE.worker-2-id.1 = 2021-07-07 17:53:09.813
[INFO ] 2021-07-07 17:58:38.815 Handler - [ALL OF TIME] +  Worker 3 = TCE.worker-3-id.1 = 2021-07-07 17:52:50.92
[INFO ] 2021-07-07 17:58:38.817 Handler - [ALL OF TIME] +  Worker 3 = TRE.worker-3-id.1 = 2021-07-07 17:53:10.752
[INFO ] 2021-07-07 17:58:38.819 Handler - [ALL OF TIME] +  Worker 1 = TNS.worker-1-id.2 = 2021-07-07 17:53:02.162
[INFO ] 2021-07-07 17:58:38.821 Handler - [ALL OF TIME] +  Worker 1 = TCD.worker-1-id.2 = 2021-07-07 17:53:02.215
[INFO ] 2021-07-07 17:58:38.823 Handler - [ALL OF TIME] +  Worker 1 = TRD.worker-1-id.2 = 2021-07-07 17:53:05.286
[INFO ] 2021-07-07 17:58:38.825 Handler - [ALL OF TIME] +  Worker 1 = TCE.worker-1-id.2 = 2021-07-07 17:53:05.286
[INFO ] 2021-07-07 17:58:38.827 Handler - [ALL OF TIME] +  Worker 1 = TRE.worker-1-id.2 = 2021-07-07 17:53:10.58
[INFO ] 2021-07-07 17:58:38.829 Handler - [ALL OF TIME] +  Worker 2 = TCE.worker-2-id.2 = 2021-07-07 17:53:05.362
[INFO ] 2021-07-07 17:58:38.830 Handler - [ALL OF TIME] +  Worker 2 = TRE.worker-2-id.2 = 2021-07-07 17:53:12.234
[INFO ] 2021-07-07 17:58:38.833 Handler - [ALL OF TIME] +  Worker 3 = TCE.worker-3-id.2 = 2021-07-07 17:53:05.511
[INFO ] 2021-07-07 17:58:38.834 Handler - [ALL OF TIME] +  Worker 3 = TRE.worker-3-id.2 = 2021-07-07 17:53:23.984
[INFO ] 2021-07-07 17:58:38.836 Handler - [ALL OF TIME] +  Worker 1 = TNS.worker-1-id.3 = 2021-07-07 17:53:08.979
[INFO ] 2021-07-07 17:58:38.837 Handler - [ALL OF TIME] +  Worker 1 = TCD.worker-1-id.3 = 2021-07-07 17:53:09.062
[INFO ] 2021-07-07 17:58:38.838 Handler - [ALL OF TIME] +  Worker 1 = TRD.worker-1-id.3 = 2021-07-07 17:53:12.488
[INFO ] 2021-07-07 17:58:38.840 Handler - [ALL OF TIME] +  Worker 1 = TCE.worker-1-id.3 = 2021-07-07 17:53:12.489
[INFO ] 2021-07-07 17:58:38.842 Handler - [ALL OF TIME] +  Worker 1 = TRE.worker-1-id.3 = 2021-07-07 17:53:19.666
[INFO ] 2021-07-07 17:58:38.844 Handler - [ALL OF TIME] +  Worker 2 = TCE.worker-2-id.3 = 2021-07-07 17:53:12.617
[INFO ] 2021-07-07 17:58:38.846 Handler - [ALL OF TIME] +  Worker 2 = TRE.worker-2-id.3 = 2021-07-07 17:53:24.608
[INFO ] 2021-07-07 17:58:38.847 Handler - [ALL OF TIME] +  Worker 3 = TCE.worker-3-id.3 = 2021-07-07 17:53:12.9
[INFO ] 2021-07-07 17:58:38.849 Handler - [ALL OF TIME] +  Worker 3 = TRE.worker-3-id.3 = 2021-07-07 17:53:22.239
[INFO ] 2021-07-07 17:58:38.851 Handler - [ALL OF TIME] +  Worker 1 = TNS.worker-1-id.4 = 2021-07-07 17:53:18.921
[INFO ] 2021-07-07 17:58:38.852 Handler - [ALL OF TIME] +  Worker 1 = TCD.worker-1-id.4 = 2021-07-07 17:53:19.012
[INFO ] 2021-07-07 17:58:38.854 Handler - [ALL OF TIME] +  Worker 1 = TRD.worker-1-id.4 = 2021-07-07 17:53:21.158
[INFO ] 2021-07-07 17:58:38.855 Handler - [ALL OF TIME] +  Worker 1 = TCE.worker-1-id.4 = 2021-07-07 17:53:21.158
[INFO ] 2021-07-07 17:58:38.857 Handler - [ALL OF TIME] +  Worker 1 = TRE.worker-1-id.4 = 2021-07-07 17:53:24.526
[INFO ] 2021-07-07 17:58:38.858 Handler - [ALL OF TIME] +  Worker 2 = TCE.worker-2-id.4 = 2021-07-07 17:53:21.526
[INFO ] 2021-07-07 17:58:38.860 Handler - [ALL OF TIME] +  Worker 2 = TRE.worker-2-id.4 = 2021-07-07 17:53:31.607
[INFO ] 2021-07-07 17:58:38.861 Handler - [ALL OF TIME] +  Worker 3 = TCE.worker-3-id.4 = 2021-07-07 17:53:21.644
[INFO ] 2021-07-07 17:58:38.863 Handler - [ALL OF TIME] +  Worker 3 = TRE.worker-3-id.4 = 2021-07-07 17:53:38.627
[INFO ] 2021-07-07 17:58:38.865 Handler - [ALL OF TIME] +  Worker 1 = TNS.worker-1-id.5 = 2021-07-07 17:53:29.256
[INFO ] 2021-07-07 17:58:38.866 Handler - [ALL OF TIME] +  Worker 1 = TCD.worker-1-id.5 = 2021-07-07 17:53:29.3
[INFO ] 2021-07-07 17:58:38.870 Handler - [ALL OF TIME] +  Worker 1 = TRD.worker-1-id.5 = 2021-07-07 17:54:09.165
[INFO ] 2021-07-07 17:58:38.871 Handler - [ALL OF TIME] +  Worker 1 = TCE.worker-1-id.5 = 2021-07-07 17:54:09.165
[INFO ] 2021-07-07 17:58:38.873 Handler - [ALL OF TIME] +  Worker 1 = TRE.worker-1-id.5 = 2021-07-07 17:54:14.003
[INFO ] 2021-07-07 17:58:38.875 Handler - [ALL OF TIME] +  Worker 2 = TCE.worker-2-id.5 = 2021-07-07 17:54:09.247
[INFO ] 2021-07-07 17:58:38.878 Handler - [ALL OF TIME] +  Worker 2 = TRE.worker-2-id.5 = 2021-07-07 17:54:18.418
[INFO ] 2021-07-07 17:58:38.880 Handler - [ALL OF TIME] +  Worker 3 = TCE.worker-3-id.5 = 2021-07-07 17:54:09.36
[INFO ] 2021-07-07 17:58:38.884 Handler - [ALL OF TIME] +  Worker 3 = TRE.worker-3-id.5 = 2021-07-07 17:54:24.757
[INFO ] 2021-07-07 17:58:38.890 Handler - [ALL OF TIME] +  Worker 1 = TNS.worker-1-id.6 = 2021-07-07 17:54:08.936
[INFO ] 2021-07-07 17:58:38.891 Handler - [ALL OF TIME] +  Worker 1 = TCD.worker-1-id.6 = 2021-07-07 17:54:09.065
[INFO ] 2021-07-07 17:58:38.894 Handler - [ALL OF TIME] +  Worker 1 = TRD.worker-1-id.6 = 2021-07-07 17:54:12.39
[INFO ] 2021-07-07 17:58:38.897 Handler - [ALL OF TIME] +  Worker 1 = TCE.worker-1-id.6 = 2021-07-07 17:54:12.39
[INFO ] 2021-07-07 17:58:38.900 Handler - [ALL OF TIME] +  Worker 1 = TRE.worker-1-id.6 = 2021-07-07 17:54:16.135
[INFO ] 2021-07-07 17:58:38.903 Handler - [ALL OF TIME] +  Worker 2 = TCE.worker-2-id.6 = 2021-07-07 17:54:12.624
[INFO ] 2021-07-07 17:58:38.906 Handler - [ALL OF TIME] +  Worker 2 = TRE.worker-2-id.6 = 2021-07-07 17:54:29.847
[INFO ] 2021-07-07 17:58:38.908 Handler - [ALL OF TIME] +  Worker 3 = TCE.worker-3-id.6 = 2021-07-07 17:54:12.737
[INFO ] 2021-07-07 17:58:38.911 Handler - [ALL OF TIME] +  Worker 3 = TRE.worker-3-id.6 = 2021-07-07 17:54:19.833
[INFO ] 2021-07-07 17:58:38.916 Handler - [ALL OF TIME] +  Worker 1 = TNS.worker-1-id.7 = 2021-07-07 17:54:19.001
[INFO ] 2021-07-07 17:58:38.917 Handler - [ALL OF TIME] +  Worker 1 = TCD.worker-1-id.7 = 2021-07-07 17:54:19.059
[INFO ] 2021-07-07 17:58:38.919 Handler - [ALL OF TIME] +  Worker 1 = TRD.worker-1-id.7 = 2021-07-07 17:54:20.983
[INFO ] 2021-07-07 17:58:38.921 Handler - [ALL OF TIME] +  Worker 1 = TCE.worker-1-id.7 = 2021-07-07 17:54:20.983
[INFO ] 2021-07-07 17:58:38.922 Handler - [ALL OF TIME] +  Worker 1 = TRE.worker-1-id.7 = 2021-07-07 17:54:27.516
[INFO ] 2021-07-07 17:58:38.924 Handler - [ALL OF TIME] +  Worker 2 = TCE.worker-2-id.7 = 2021-07-07 17:54:21.09
[INFO ] 2021-07-07 17:58:38.925 Handler - [ALL OF TIME] +  Worker 2 = TRE.worker-2-id.7 = 2021-07-07 17:54:33.873
[INFO ] 2021-07-07 17:58:38.926 Handler - [ALL OF TIME] +  Worker 3 = TCE.worker-3-id.7 = 2021-07-07 17:54:21.226
[INFO ] 2021-07-07 17:58:38.928 Handler - [ALL OF TIME] +  Worker 3 = TRE.worker-3-id.7 = 2021-07-07 17:54:26.624
[INFO ] 2021-07-07 17:58:38.933 Handler - [ALL OF TIME] +  Worker 1 = TNS.worker-1-id.8 = 2021-07-07 17:54:29.115
[INFO ] 2021-07-07 17:58:38.934 Handler - [ALL OF TIME] +  Worker 1 = TCD.worker-1-id.8 = 2021-07-07 17:54:29.16
[INFO ] 2021-07-07 17:58:38.937 Handler - [ALL OF TIME] +  Worker 1 = TRD.worker-1-id.8 = 2021-07-07 17:54:32.767
[INFO ] 2021-07-07 17:58:38.943 Handler - [ALL OF TIME] +  Worker 1 = TCE.worker-1-id.8 = 2021-07-07 17:54:32.767
[INFO ] 2021-07-07 17:58:38.945 Handler - [ALL OF TIME] +  Worker 1 = TRE.worker-1-id.8 = 2021-07-07 17:54:37.525
[INFO ] 2021-07-07 17:58:38.949 Handler - [ALL OF TIME] +  Worker 2 = TCE.worker-2-id.8 = 2021-07-07 17:54:32.914
[INFO ] 2021-07-07 17:58:38.952 Handler - [ALL OF TIME] +  Worker 2 = TRE.worker-2-id.8 = 2021-07-07 17:54:43.862
[INFO ] 2021-07-07 17:58:38.955 Handler - [ALL OF TIME] +  Worker 3 = TCE.worker-3-id.8 = 2021-07-07 17:54:33.101
[INFO ] 2021-07-07 17:58:38.957 Handler - [ALL OF TIME] +  Worker 3 = TRE.worker-3-id.8 = 2021-07-07 17:54:44.341
[INFO ] 2021-07-07 17:58:38.964 Handler - [ALL OF TIME] +  Worker 1 = TNS.worker-1-id.9 = 2021-07-07 17:54:39.103
[INFO ] 2021-07-07 17:58:38.965 Handler - [ALL OF TIME] +  Worker 1 = TCD.worker-1-id.9 = 2021-07-07 17:54:39.159
[INFO ] 2021-07-07 17:58:38.969 Handler - [ALL OF TIME] +  Worker 1 = TRD.worker-1-id.9 = 2021-07-07 17:54:41.481
[INFO ] 2021-07-07 17:58:38.972 Handler - [ALL OF TIME] +  Worker 1 = TCE.worker-1-id.9 = 2021-07-07 17:54:41.481
[INFO ] 2021-07-07 17:58:38.974 Handler - [ALL OF TIME] +  Worker 1 = TRE.worker-1-id.9 = 2021-07-07 17:54:46.269
[INFO ] 2021-07-07 17:58:38.975 Handler - [ALL OF TIME] +  Worker 2 = TCE.worker-2-id.9 = 2021-07-07 17:54:41.655
[INFO ] 2021-07-07 17:58:38.977 Handler - [ALL OF TIME] +  Worker 2 = TRE.worker-2-id.9 = 2021-07-07 17:54:54.259
[INFO ] 2021-07-07 17:58:38.979 Handler - [ALL OF TIME] +  Worker 3 = TCE.worker-3-id.9 = 2021-07-07 17:54:41.89
[INFO ] 2021-07-07 17:58:38.981 Handler - [ALL OF TIME] +  Worker 3 = TRE.worker-3-id.9 = 2021-07-07 17:54:51.231
[INFO ] 2021-07-07 17:58:38.984 Handler - [ALL OF TIME] +  Worker 1 = TNS.worker-1-id.10 = 2021-07-07 17:54:49.172
[INFO ] 2021-07-07 17:58:38.985 Handler - [ALL OF TIME] +  Worker 1 = TCD.worker-1-id.10 = 2021-07-07 17:54:49.264
[INFO ] 2021-07-07 17:58:38.986 Handler - [ALL OF TIME] +  Worker 1 = TRD.worker-1-id.10 = 2021-07-07 17:54:51.647
[INFO ] 2021-07-07 17:58:38.988 Handler - [ALL OF TIME] +  Worker 1 = TCE.worker-1-id.10 = 2021-07-07 17:54:51.648
[INFO ] 2021-07-07 17:58:38.990 Handler - [ALL OF TIME] +  Worker 1 = TRE.worker-1-id.10 = 2021-07-07 17:55:01.709
[INFO ] 2021-07-07 17:58:38.992 Handler - [ALL OF TIME] +  Worker 2 = TCE.worker-2-id.10 = 2021-07-07 17:54:52.222
[INFO ] 2021-07-07 17:58:38.994 Handler - [ALL OF TIME] +  Worker 2 = TRE.worker-2-id.10 = 2021-07-07 17:55:00.69
[INFO ] 2021-07-07 17:58:38.997 Handler - [ALL OF TIME] +  Worker 3 = TCE.worker-3-id.10 = 2021-07-07 17:54:52.335
[INFO ] 2021-07-07 17:58:38.999 Handler - [ALL OF TIME] +  Worker 3 = TRE.worker-3-id.10 = 2021-07-07 17:54:57.006
[INFO ] 2021-07-07 17:58:39.003 Handler - [ALL OF TIME] +  Worker 1 = TNS.worker-1-id.11 = 2021-07-07 17:54:59.281
[INFO ] 2021-07-07 17:58:39.006 Handler - [ALL OF TIME] +  Worker 1 = TCD.worker-1-id.11 = 2021-07-07 17:54:59.341
[INFO ] 2021-07-07 17:58:39.008 Handler - [ALL OF TIME] +  Worker 1 = TRD.worker-1-id.11 = 2021-07-07 17:55:01.938
[INFO ] 2021-07-07 17:58:39.015 Handler - [ALL OF TIME] +  Worker 1 = TCE.worker-1-id.11 = 2021-07-07 17:55:01.938
[INFO ] 2021-07-07 17:58:39.017 Handler - [ALL OF TIME] +  Worker 1 = TRE.worker-1-id.11 = 2021-07-07 17:55:14.211
[INFO ] 2021-07-07 17:58:39.019 Handler - [ALL OF TIME] +  Worker 2 = TCE.worker-2-id.11 = 2021-07-07 17:55:02.057
[INFO ] 2021-07-07 17:58:39.022 Handler - [ALL OF TIME] +  Worker 2 = TRE.worker-2-id.11 = 2021-07-07 17:55:05.564
[INFO ] 2021-07-07 17:58:39.025 Handler - [ALL OF TIME] +  Worker 3 = TCE.worker-3-id.11 = 2021-07-07 17:55:02.172
[INFO ] 2021-07-07 17:58:39.028 Handler - [ALL OF TIME] +  Worker 3 = TRE.worker-3-id.11 = 2021-07-07 17:55:08.85
[INFO ] 2021-07-07 17:58:39.034 Handler - [ALL OF TIME] +  Worker 1 = TNS.worker-1-id.12 = 2021-07-07 17:55:09.24
[INFO ] 2021-07-07 17:58:39.038 Handler - [ALL OF TIME] +  Worker 1 = TCD.worker-1-id.12 = 2021-07-07 17:55:09.315
[INFO ] 2021-07-07 17:58:39.040 Handler - [ALL OF TIME] +  Worker 1 = TRD.worker-1-id.12 = 2021-07-07 17:55:12.148
[INFO ] 2021-07-07 17:58:39.046 Handler - [ALL OF TIME] +  Worker 1 = TCE.worker-1-id.12 = 2021-07-07 17:55:12.148
[INFO ] 2021-07-07 17:58:39.048 Handler - [ALL OF TIME] +  Worker 1 = TRE.worker-1-id.12 = 2021-07-07 17:55:16.876
[INFO ] 2021-07-07 17:58:39.054 Handler - [ALL OF TIME] +  Worker 2 = TCE.worker-2-id.12 = 2021-07-07 17:55:12.342
[INFO ] 2021-07-07 17:58:39.056 Handler - [ALL OF TIME] +  Worker 2 = TRE.worker-2-id.12 = 2021-07-07 17:55:27.664
[INFO ] 2021-07-07 17:58:39.060 Handler - [ALL OF TIME] +  Worker 3 = TCE.worker-3-id.12 = 2021-07-07 17:55:12.504
[INFO ] 2021-07-07 17:58:39.061 Handler - [ALL OF TIME] +  Worker 3 = TRE.worker-3-id.12 = 2021-07-07 17:55:17.104
[INFO ] 2021-07-07 17:58:39.065 Handler - [ALL OF TIME] +  Worker 1 = TNS.worker-1-id.13 = 2021-07-07 17:55:19.289
[INFO ] 2021-07-07 17:58:39.067 Handler - [ALL OF TIME] +  Worker 1 = TCD.worker-1-id.13 = 2021-07-07 17:55:19.337
[INFO ] 2021-07-07 17:58:39.070 Handler - [ALL OF TIME] +  Worker 1 = TRD.worker-1-id.13 = 2021-07-07 17:55:21.301
[INFO ] 2021-07-07 17:58:39.076 Handler - [ALL OF TIME] +  Worker 1 = TCE.worker-1-id.13 = 2021-07-07 17:55:21.301
[INFO ] 2021-07-07 17:58:39.080 Handler - [ALL OF TIME] +  Worker 1 = TRE.worker-1-id.13 = 2021-07-07 17:55:26.619
[INFO ] 2021-07-07 17:58:39.086 Handler - [ALL OF TIME] +  Worker 2 = TCE.worker-2-id.13 = 2021-07-07 17:55:21.419
[INFO ] 2021-07-07 17:58:39.088 Handler - [ALL OF TIME] +  Worker 2 = TRE.worker-2-id.13 = 2021-07-07 17:55:33.653
[INFO ] 2021-07-07 17:58:39.095 Handler - [ALL OF TIME] +  Worker 3 = TCE.worker-3-id.13 = 2021-07-07 17:55:21.602
[INFO ] 2021-07-07 17:58:39.096 Handler - [ALL OF TIME] +  Worker 3 = TRE.worker-3-id.13 = 2021-07-07 17:55:30.125
[INFO ] 2021-07-07 17:58:39.103 Handler - [ALL OF TIME] +  Worker 1 = TNS.worker-1-id.14 = 2021-07-07 17:55:29.452
[INFO ] 2021-07-07 17:58:39.104 Handler - [ALL OF TIME] +  Worker 1 = TCD.worker-1-id.14 = 2021-07-07 17:55:29.5
[INFO ] 2021-07-07 17:58:39.108 Handler - [ALL OF TIME] +  Worker 1 = TRD.worker-1-id.14 = 2021-07-07 17:55:56.046
[INFO ] 2021-07-07 17:58:39.111 Handler - [ALL OF TIME] +  Worker 1 = TCE.worker-1-id.14 = 2021-07-07 17:55:56.047
[INFO ] 2021-07-07 17:58:39.115 Handler - [ALL OF TIME] +  Worker 1 = TRE.worker-1-id.14 = 2021-07-07 17:56:27.407
[INFO ] 2021-07-07 17:58:39.120 Handler - [ALL OF TIME] +  Worker 2 = TCE.worker-2-id.14 = 2021-07-07 17:55:56.215
[INFO ] 2021-07-07 17:58:39.123 Handler - [ALL OF TIME] +  Worker 2 = TRE.worker-2-id.14 = 2021-07-07 17:56:04.634
[INFO ] 2021-07-07 17:58:39.127 Handler - [ALL OF TIME] +  Worker 3 = TCE.worker-3-id.14 = 2021-07-07 17:55:56.278
[INFO ] 2021-07-07 17:58:39.132 Handler - [ALL OF TIME] +  Worker 3 = TRE.worker-3-id.14 = 2021-07-07 17:56:09.708
[INFO ] 2021-07-07 17:58:39.136 Handler - [ALL OF TIME] +  Worker 1 = TNS.worker-1-id.15 = 2021-07-07 17:55:41.042
[INFO ] 2021-07-07 17:58:39.140 Handler - [ALL OF TIME] +  Worker 1 = TCD.worker-1-id.15 = 2021-07-07 17:55:41.081
[INFO ] 2021-07-07 17:58:39.142 Handler - [ALL OF TIME] +  Worker 1 = TRD.worker-1-id.15 = 2021-07-07 17:55:56.577
[INFO ] 2021-07-07 17:58:39.148 Handler - [ALL OF TIME] +  Worker 1 = TCE.worker-1-id.15 = 2021-07-07 17:55:56.577
[INFO ] 2021-07-07 17:58:39.149 Handler - [ALL OF TIME] +  Worker 1 = TRE.worker-1-id.15 = 2021-07-07 17:56:27.396
[INFO ] 2021-07-07 17:58:39.152 Handler - [ALL OF TIME] +  Worker 2 = TCE.worker-2-id.15 = 2021-07-07 17:55:56.797
[INFO ] 2021-07-07 17:58:39.156 Handler - [ALL OF TIME] +  Worker 2 = TRE.worker-2-id.15 = 2021-07-07 17:56:07.698
[INFO ] 2021-07-07 17:58:39.159 Handler - [ALL OF TIME] +  Worker 3 = TCE.worker-3-id.15 = 2021-07-07 17:55:56.899
[INFO ] 2021-07-07 17:58:39.161 Handler - [ALL OF TIME] +  Worker 3 = TRE.worker-3-id.15 = 2021-07-07 17:56:11.882
[INFO ] 2021-07-07 17:58:39.168 Handler - [ALL OF TIME] +  Worker 1 = TNS.worker-1-id.16 = 2021-07-07 17:55:52.909
[INFO ] 2021-07-07 17:58:39.169 Handler - [ALL OF TIME] +  Worker 1 = TCD.worker-1-id.16 = 2021-07-07 17:55:52.982
[INFO ] 2021-07-07 17:58:39.176 Handler - [ALL OF TIME] +  Worker 1 = TRD.worker-1-id.16 = 2021-07-07 17:55:57.173
[INFO ] 2021-07-07 17:58:39.178 Handler - [ALL OF TIME] +  Worker 1 = TCE.worker-1-id.16 = 2021-07-07 17:55:57.173
[INFO ] 2021-07-07 17:58:39.182 Handler - [ALL OF TIME] +  Worker 1 = TRE.worker-1-id.16 = 2021-07-07 17:56:27.383
[INFO ] 2021-07-07 17:58:39.187 Handler - [ALL OF TIME] +  Worker 2 = TCE.worker-2-id.16 = 2021-07-07 17:55:57.502
[INFO ] 2021-07-07 17:58:39.189 Handler - [ALL OF TIME] +  Worker 2 = TRE.worker-2-id.16 = 2021-07-07 17:56:04.159
[INFO ] 2021-07-07 17:58:39.193 Handler - [ALL OF TIME] +  Worker 3 = TCE.worker-3-id.16 = 2021-07-07 17:55:57.593
[INFO ] 2021-07-07 17:58:39.196 Handler - [ALL OF TIME] +  Worker 3 = TRE.worker-3-id.16 = 2021-07-07 17:56:13.669
[INFO ] 2021-07-07 17:58:39.200 Handler - [ALL OF TIME] +  Worker 1 = TNS.worker-1-id.17 = 2021-07-07 17:56:02.8
[INFO ] 2021-07-07 17:58:39.201 Handler - [ALL OF TIME] +  Worker 1 = TCD.worker-1-id.17 = 2021-07-07 17:56:02.836
[INFO ] 2021-07-07 17:58:39.204 Handler - [ALL OF TIME] +  Worker 1 = TRD.worker-1-id.17 = 2021-07-07 17:56:31.567
[INFO ] 2021-07-07 17:58:39.208 Handler - [ALL OF TIME] +  Worker 1 = TCE.worker-1-id.17 = 2021-07-07 17:56:31.567
[INFO ] 2021-07-07 17:58:39.210 Handler - [ALL OF TIME] +  Worker 1 = TRE.worker-1-id.17 = 2021-07-07 17:56:38.522
[INFO ] 2021-07-07 17:58:39.212 Handler - [ALL OF TIME] +  Worker 2 = TCE.worker-2-id.17 = 2021-07-07 17:56:32.774
[INFO ] 2021-07-07 17:58:39.213 Handler - [ALL OF TIME] +  Worker 2 = TRE.worker-2-id.17 = 2021-07-07 17:56:46.903
[INFO ] 2021-07-07 17:58:39.215 Handler - [ALL OF TIME] +  Worker 3 = TCE.worker-3-id.17 = 2021-07-07 17:56:32.969
[INFO ] 2021-07-07 17:58:39.216 Handler - [ALL OF TIME] +  Worker 3 = TRE.worker-3-id.17 = 2021-07-07 17:56:48.442
[INFO ] 2021-07-07 17:58:39.218 Handler - [ALL OF TIME] +  Worker 1 = TNS.worker-1-id.18 = 2021-07-07 17:56:27.148
[INFO ] 2021-07-07 17:58:39.219 Handler - [ALL OF TIME] +  Worker 1 = TCD.worker-1-id.18 = 2021-07-07 17:56:27.203
[INFO ] 2021-07-07 17:58:39.220 Handler - [ALL OF TIME] +  Worker 1 = TRD.worker-1-id.18 = 2021-07-07 17:56:33.937
[INFO ] 2021-07-07 17:58:39.222 Handler - [ALL OF TIME] +  Worker 1 = TCE.worker-1-id.18 = 2021-07-07 17:56:33.937
[INFO ] 2021-07-07 17:58:39.223 Handler - [ALL OF TIME] +  Worker 1 = TRE.worker-1-id.18 = 2021-07-07 17:56:43.353
[INFO ] 2021-07-07 17:58:39.225 Handler - [ALL OF TIME] +  Worker 2 = TCE.worker-2-id.18 = 2021-07-07 17:56:34.22
[INFO ] 2021-07-07 17:58:39.226 Handler - [ALL OF TIME] +  Worker 2 = TRE.worker-2-id.18 = 2021-07-07 17:56:50.645
[INFO ] 2021-07-07 17:58:39.227 Handler - [ALL OF TIME] +  Worker 3 = TCE.worker-3-id.18 = 2021-07-07 17:56:34.38
[INFO ] 2021-07-07 17:58:39.229 Handler - [ALL OF TIME] +  Worker 3 = TRE.worker-3-id.18 = 2021-07-07 17:56:42.836
[INFO ] 2021-07-07 17:58:39.231 Handler - [ALL OF TIME] +  Worker 1 = TNS.worker-1-id.19 = 2021-07-07 17:56:37.663
[INFO ] 2021-07-07 17:58:39.232 Handler - [ALL OF TIME] +  Worker 1 = TCD.worker-1-id.19 = 2021-07-07 17:56:37.698
[INFO ] 2021-07-07 17:58:39.234 Handler - [ALL OF TIME] +  Worker 1 = TRD.worker-1-id.19 = 2021-07-07 17:56:40.507
[INFO ] 2021-07-07 17:58:39.235 Handler - [ALL OF TIME] +  Worker 1 = TCE.worker-1-id.19 = 2021-07-07 17:56:40.507
[INFO ] 2021-07-07 17:58:39.236 Handler - [ALL OF TIME] +  Worker 1 = TRE.worker-1-id.19 = 2021-07-07 17:56:47.886
[INFO ] 2021-07-07 17:58:39.238 Handler - [ALL OF TIME] +  Worker 2 = TCE.worker-2-id.19 = 2021-07-07 17:56:40.64
[INFO ] 2021-07-07 17:58:39.239 Handler - [ALL OF TIME] +  Worker 2 = TRE.worker-2-id.19 = 2021-07-07 17:56:52.833
[INFO ] 2021-07-07 17:58:39.241 Handler - [ALL OF TIME] +  Worker 3 = TCE.worker-3-id.19 = 2021-07-07 17:56:40.77
[INFO ] 2021-07-07 17:58:39.242 Handler - [ALL OF TIME] +  Worker 3 = TRE.worker-3-id.19 = 2021-07-07 17:56:52.1
[INFO ] 2021-07-07 17:58:39.245 Handler - [ALL OF TIME] +  Worker 1 = TNS.worker-1-id.20 = 2021-07-07 17:56:47.691
[INFO ] 2021-07-07 17:58:39.245 Handler - [ALL OF TIME] +  Worker 1 = TCD.worker-1-id.20 = 2021-07-07 17:56:47.763
[INFO ] 2021-07-07 17:58:39.247 Handler - [ALL OF TIME] +  Worker 1 = TRD.worker-1-id.20 = 2021-07-07 17:56:49.924
[INFO ] 2021-07-07 17:58:39.248 Handler - [ALL OF TIME] +  Worker 1 = TCE.worker-1-id.20 = 2021-07-07 17:56:49.924
[INFO ] 2021-07-07 17:58:39.250 Handler - [ALL OF TIME] +  Worker 1 = TRE.worker-1-id.20 = 2021-07-07 17:56:55.978
[INFO ] 2021-07-07 17:58:39.252 Handler - [ALL OF TIME] +  Worker 2 = TCE.worker-2-id.20 = 2021-07-07 17:56:50.048
[INFO ] 2021-07-07 17:58:39.253 Handler - [ALL OF TIME] +  Worker 2 = TRE.worker-2-id.20 = 2021-07-07 17:57:02.116
[INFO ] 2021-07-07 17:58:39.255 Handler - [ALL OF TIME] +  Worker 3 = TCE.worker-3-id.20 = 2021-07-07 17:56:50.218
[INFO ] 2021-07-07 17:58:39.256 Handler - [ALL OF TIME] +  Worker 3 = TRE.worker-3-id.20 = 2021-07-07 17:57:01.96
[INFO ] 2021-07-07 17:58:39.259 Handler - [ALL OF TIME] +  Worker 1 = TNS.worker-1-id.21 = 2021-07-07 17:56:57.805
[INFO ] 2021-07-07 17:58:39.260 Handler - [ALL OF TIME] +  Worker 1 = TCD.worker-1-id.21 = 2021-07-07 17:56:57.866
[INFO ] 2021-07-07 17:58:39.261 Handler - [ALL OF TIME] +  Worker 1 = TRD.worker-1-id.21 = 2021-07-07 17:57:00.331
[INFO ] 2021-07-07 17:58:39.262 Handler - [ALL OF TIME] +  Worker 1 = TCE.worker-1-id.21 = 2021-07-07 17:57:00.331
[INFO ] 2021-07-07 17:58:39.264 Handler - [ALL OF TIME] +  Worker 1 = TRE.worker-1-id.21 = 2021-07-07 17:57:07.127
[INFO ] 2021-07-07 17:58:39.265 Handler - [ALL OF TIME] +  Worker 2 = TCE.worker-2-id.21 = 2021-07-07 17:57:00.47
[INFO ] 2021-07-07 17:58:39.267 Handler - [ALL OF TIME] +  Worker 2 = TRE.worker-2-id.21 = 2021-07-07 17:57:14.466
[INFO ] 2021-07-07 17:58:39.268 Handler - [ALL OF TIME] +  Worker 3 = TCE.worker-3-id.21 = 2021-07-07 17:57:00.539
[INFO ] 2021-07-07 17:58:39.269 Handler - [ALL OF TIME] +  Worker 3 = TRE.worker-3-id.21 = 2021-07-07 17:57:08.845
[INFO ] 2021-07-07 17:58:39.272 Handler - [ALL OF TIME] +  Worker 1 = TNS.worker-1-id.22 = 2021-07-07 17:57:07.831
[INFO ] 2021-07-07 17:58:39.273 Handler - [ALL OF TIME] +  Worker 1 = TCD.worker-1-id.22 = 2021-07-07 17:57:07.883
[INFO ] 2021-07-07 17:58:39.274 Handler - [ALL OF TIME] +  Worker 1 = TRD.worker-1-id.22 = 2021-07-07 17:57:09.999
[INFO ] 2021-07-07 17:58:39.275 Handler - [ALL OF TIME] +  Worker 1 = TCE.worker-1-id.22 = 2021-07-07 17:57:09.999
[INFO ] 2021-07-07 17:58:39.277 Handler - [ALL OF TIME] +  Worker 1 = TRE.worker-1-id.22 = 2021-07-07 17:57:16.717
[INFO ] 2021-07-07 17:58:39.278 Handler - [ALL OF TIME] +  Worker 2 = TCE.worker-2-id.22 = 2021-07-07 17:57:10.179
[INFO ] 2021-07-07 17:58:39.280 Handler - [ALL OF TIME] +  Worker 2 = TRE.worker-2-id.22 = 2021-07-07 17:57:24.092
[INFO ] 2021-07-07 17:58:39.281 Handler - [ALL OF TIME] +  Worker 3 = TCE.worker-3-id.22 = 2021-07-07 17:57:10.301
[INFO ] 2021-07-07 17:58:39.282 Handler - [ALL OF TIME] +  Worker 3 = TRE.worker-3-id.22 = 2021-07-07 17:57:17.894
[INFO ] 2021-07-07 17:58:39.285 Handler - [ALL OF TIME] +  Worker 1 = TNS.worker-1-id.23 = 2021-07-07 17:57:17.796
[INFO ] 2021-07-07 17:58:39.285 Handler - [ALL OF TIME] +  Worker 1 = TCD.worker-1-id.23 = 2021-07-07 17:57:17.859
[INFO ] 2021-07-07 17:58:39.287 Handler - [ALL OF TIME] +  Worker 1 = TRD.worker-1-id.23 = 2021-07-07 17:57:20.006
[INFO ] 2021-07-07 17:58:39.288 Handler - [ALL OF TIME] +  Worker 1 = TCE.worker-1-id.23 = 2021-07-07 17:57:20.006
[INFO ] 2021-07-07 17:58:39.290 Handler - [ALL OF TIME] +  Worker 1 = TRE.worker-1-id.23 = 2021-07-07 17:57:31.031
[INFO ] 2021-07-07 17:58:39.291 Handler - [ALL OF TIME] +  Worker 2 = TCE.worker-2-id.23 = 2021-07-07 17:57:20.327
[INFO ] 2021-07-07 17:58:39.292 Handler - [ALL OF TIME] +  Worker 2 = TRE.worker-2-id.23 = 2021-07-07 17:57:25.41
[INFO ] 2021-07-07 17:58:39.294 Handler - [ALL OF TIME] +  Worker 3 = TCE.worker-3-id.23 = 2021-07-07 17:57:20.584
[INFO ] 2021-07-07 17:58:39.295 Handler - [ALL OF TIME] +  Worker 3 = TRE.worker-3-id.23 = 2021-07-07 17:57:33.838
[INFO ] 2021-07-07 17:58:39.298 Handler - [ALL OF TIME] +  Worker 1 = TNS.worker-1-id.24 = 2021-07-07 17:57:27.842
[INFO ] 2021-07-07 17:58:39.298 Handler - [ALL OF TIME] +  Worker 1 = TCD.worker-1-id.24 = 2021-07-07 17:57:27.891
[INFO ] 2021-07-07 17:58:39.300 Handler - [ALL OF TIME] +  Worker 1 = TRD.worker-1-id.24 = 2021-07-07 17:57:31.348
[INFO ] 2021-07-07 17:58:39.301 Handler - [ALL OF TIME] +  Worker 1 = TCE.worker-1-id.24 = 2021-07-07 17:57:31.349
[INFO ] 2021-07-07 17:58:39.303 Handler - [ALL OF TIME] +  Worker 1 = TRE.worker-1-id.24 = 2021-07-07 17:57:42.876
[INFO ] 2021-07-07 17:58:39.305 Handler - [ALL OF TIME] +  Worker 2 = TCE.worker-2-id.24 = 2021-07-07 17:57:31.753
[INFO ] 2021-07-07 17:58:39.306 Handler - [ALL OF TIME] +  Worker 2 = TRE.worker-2-id.24 = 2021-07-07 17:57:36.635
[INFO ] 2021-07-07 17:58:39.308 Handler - [ALL OF TIME] +  Worker 3 = TCE.worker-3-id.24 = 2021-07-07 17:57:31.884
[INFO ] 2021-07-07 17:58:39.310 Handler - [ALL OF TIME] +  Worker 3 = TRE.worker-3-id.24 = 2021-07-07 17:57:40.25
[INFO ] 2021-07-07 17:58:39.313 Handler - [ALL OF TIME] +  Worker 1 = TNS.worker-1-id.25 = 2021-07-07 17:57:37.876
[INFO ] 2021-07-07 17:58:39.314 Handler - [ALL OF TIME] +  Worker 1 = TCD.worker-1-id.25 = 2021-07-07 17:57:37.914
[INFO ] 2021-07-07 17:58:39.315 Handler - [ALL OF TIME] +  Worker 1 = TRD.worker-1-id.25 = 2021-07-07 17:57:40.276
[INFO ] 2021-07-07 17:58:39.316 Handler - [ALL OF TIME] +  Worker 1 = TCE.worker-1-id.25 = 2021-07-07 17:57:40.276
[INFO ] 2021-07-07 17:58:39.318 Handler - [ALL OF TIME] +  Worker 1 = TRE.worker-1-id.25 = 2021-07-07 17:57:46.871
[INFO ] 2021-07-07 17:58:39.319 Handler - [ALL OF TIME] +  Worker 2 = TCE.worker-2-id.25 = 2021-07-07 17:57:40.372
[INFO ] 2021-07-07 17:58:39.321 Handler - [ALL OF TIME] +  Worker 2 = TRE.worker-2-id.25 = 2021-07-07 17:57:49.879
[INFO ] 2021-07-07 17:58:39.322 Handler - [ALL OF TIME] +  Worker 3 = TCE.worker-3-id.25 = 2021-07-07 17:57:40.536
[INFO ] 2021-07-07 17:58:39.323 Handler - [ALL OF TIME] +  Worker 3 = TRE.worker-3-id.25 = 2021-07-07 17:57:50.092
[INFO ] 2021-07-07 17:58:39.326 Handler - [ALL OF TIME] +  Worker 1 = TNS.worker-1-id.26 = 2021-07-07 17:57:48.002
[INFO ] 2021-07-07 17:58:39.327 Handler - [ALL OF TIME] +  Worker 1 = TCD.worker-1-id.26 = 2021-07-07 17:57:48.048
[INFO ] 2021-07-07 17:58:39.328 Handler - [ALL OF TIME] +  Worker 1 = TRD.worker-1-id.26 = 2021-07-07 17:57:50.455
[INFO ] 2021-07-07 17:58:39.329 Handler - [ALL OF TIME] +  Worker 1 = TCE.worker-1-id.26 = 2021-07-07 17:57:50.455
[INFO ] 2021-07-07 17:58:39.331 Handler - [ALL OF TIME] +  Worker 1 = TRE.worker-1-id.26 = 2021-07-07 17:57:56.114
[INFO ] 2021-07-07 17:58:39.332 Handler - [ALL OF TIME] +  Worker 2 = TCE.worker-2-id.26 = 2021-07-07 17:57:50.575
[INFO ] 2021-07-07 17:58:39.334 Handler - [ALL OF TIME] +  Worker 2 = TRE.worker-2-id.26 = 2021-07-07 17:57:57.475
[INFO ] 2021-07-07 17:58:39.335 Handler - [ALL OF TIME] +  Worker 3 = TCE.worker-3-id.26 = 2021-07-07 17:57:50.675
[INFO ] 2021-07-07 17:58:39.337 Handler - [ALL OF TIME] +  Worker 3 = TRE.worker-3-id.26 = 2021-07-07 17:58:03.037
[INFO ] 2021-07-07 17:58:39.340 Handler - [ALL OF TIME] +  Worker 1 = TNS.worker-1-id.27 = 2021-07-07 17:57:57.967
[INFO ] 2021-07-07 17:58:39.341 Handler - [ALL OF TIME] +  Worker 1 = TCD.worker-1-id.27 = 2021-07-07 17:57:58.004
[INFO ] 2021-07-07 17:58:39.346 Handler - [ALL OF TIME] +  Worker 1 = TRD.worker-1-id.27 = 2021-07-07 17:58:02.567
[INFO ] 2021-07-07 17:58:39.348 Handler - [ALL OF TIME] +  Worker 1 = TCE.worker-1-id.27 = 2021-07-07 17:58:02.567
[INFO ] 2021-07-07 17:58:39.351 Handler - [ALL OF TIME] +  Worker 1 = TRE.worker-1-id.27 = 2021-07-07 17:58:12.396
[INFO ] 2021-07-07 17:58:39.356 Handler - [ALL OF TIME] +  Worker 2 = TCE.worker-2-id.27 = 2021-07-07 17:58:02.776
[INFO ] 2021-07-07 17:58:39.358 Handler - [ALL OF TIME] +  Worker 2 = TRE.worker-2-id.27 = 2021-07-07 17:58:16.728
[INFO ] 2021-07-07 17:58:39.362 Handler - [ALL OF TIME] +  Worker 3 = TCE.worker-3-id.27 = 2021-07-07 17:58:02.903
[INFO ] 2021-07-07 17:58:39.367 Handler - [ALL OF TIME] +  Worker 3 = TRE.worker-3-id.27 = 2021-07-07 17:58:12.688
[INFO ] 2021-07-07 17:58:39.370 Handler - [ALL OF TIME] +  Worker 1 = TNS.worker-1-id.28 = 2021-07-07 17:58:12.327
[INFO ] 2021-07-07 17:58:39.372 Handler - [ALL OF TIME] +  Worker 1 = TCD.worker-1-id.28 = 2021-07-07 17:58:12.377
[INFO ] 2021-07-07 17:58:39.374 Handler - [ALL OF TIME] +  Worker 1 = TRD.worker-1-id.28 = 2021-07-07 17:58:14.406
[INFO ] 2021-07-07 17:58:39.376 Handler - [ALL OF TIME] +  Worker 1 = TCE.worker-1-id.28 = 2021-07-07 17:58:14.406
[INFO ] 2021-07-07 17:58:39.377 Handler - [ALL OF TIME] +  Worker 1 = TRE.worker-1-id.28 = 2021-07-07 17:58:20.337
[INFO ] 2021-07-07 17:58:39.380 Handler - [ALL OF TIME] +  Worker 2 = TCE.worker-2-id.28 = 2021-07-07 17:58:14.49
[INFO ] 2021-07-07 17:58:39.382 Handler - [ALL OF TIME] +  Worker 2 = TRE.worker-2-id.28 = 2021-07-07 17:58:27.624
[INFO ] 2021-07-07 17:58:39.384 Handler - [ALL OF TIME] +  Worker 3 = TCE.worker-3-id.28 = 2021-07-07 17:58:14.611
[INFO ] 2021-07-07 17:58:39.385 Handler - [ALL OF TIME] +  Worker 3 = TRE.worker-3-id.28 = 2021-07-07 17:58:27.622
[INFO ] 2021-07-07 17:58:39.388 Handler - [ALL OF TIME] +  Worker 1 = TNS.worker-1-id.29 = 2021-07-07 17:58:22.381
[INFO ] 2021-07-07 17:58:39.389 Handler - [ALL OF TIME] +  Worker 1 = TCD.worker-1-id.29 = 2021-07-07 17:58:22.434
[INFO ] 2021-07-07 17:58:39.390 Handler - [ALL OF TIME] +  Worker 1 = TRD.worker-1-id.29 = 2021-07-07 17:58:24.205
[INFO ] 2021-07-07 17:58:39.391 Handler - [ALL OF TIME] +  Worker 1 = TCE.worker-1-id.29 = 2021-07-07 17:58:24.205
[INFO ] 2021-07-07 17:58:39.393 Handler - [ALL OF TIME] +  Worker 1 = TRE.worker-1-id.29 = 2021-07-07 17:58:32.477
[INFO ] 2021-07-07 17:58:39.394 Handler - [ALL OF TIME] +  Worker 2 = TCE.worker-2-id.29 = 2021-07-07 17:58:24.287
[INFO ] 2021-07-07 17:58:39.396 Handler - [ALL OF TIME] +  Worker 2 = TRE.worker-2-id.29 = 2021-07-07 17:58:36.57
[INFO ] 2021-07-07 17:58:39.397 Handler - [ALL OF TIME] +  Worker 3 = TCE.worker-3-id.29 = 2021-07-07 17:58:24.448
[INFO ] 2021-07-07 17:58:39.399 Handler - [ALL OF TIME] +  Worker 3 = TRE.worker-3-id.29 = 2021-07-07 17:58:38.777
